<?xml version="1.0" encoding="UTF-8"?>
<testng-results skipped="0" failed="0" ignored="0" total="1" passed="1">
  <reporter-output>
  </reporter-output>
  <suite name="WebAutomationProject" duration-ms="53551" started-at="2018-12-28T13:55:56Z" finished-at="2018-12-28T13:56:49Z">
    <groups>
    </groups>
    <test name="WebAutomationTest" duration-ms="53551" started-at="2018-12-28T13:55:56Z" finished-at="2018-12-28T13:56:49Z">
      <class name="WebAutomationTest.Frame">
        <test-method status="PASS" signature="launchBrowser()[pri:0, instance:WebAutomationTest.Frame@4cb2c100]" name="launchBrowser" is-config="true" duration-ms="24009" started-at="2018-12-28T19:25:56Z" finished-at="2018-12-28T19:26:20Z">
          <reporter-output>
          </reporter-output>
        </test-method> <!-- launchBrowser -->
        <test-method status="PASS" signature="SwitchFrame()[pri:0, instance:WebAutomationTest.Frame@4cb2c100]" name="SwitchFrame" duration-ms="28225" started-at="2018-12-28T19:26:20Z" finished-at="2018-12-28T19:26:48Z">
          <reporter-output>
          </reporter-output>
        </test-method> <!-- SwitchFrame -->
        <test-method status="PASS" signature="closeBrowser()[pri:0, instance:WebAutomationTest.Frame@4cb2c100]" name="closeBrowser" is-config="true" duration-ms="1300" started-at="2018-12-28T19:26:48Z" finished-at="2018-12-28T19:26:49Z">
          <reporter-output>
          </reporter-output>
        </test-method> <!-- closeBrowser -->
      </class> <!-- WebAutomationTest.Frame -->
    </test> <!-- WebAutomationTest -->
  </suite> <!-- WebAutomationProject -->
</testng-results>
